c:\users\ian\downloads\the-powder-toy-master-2\the-powder-toy-master\release\vc142.pdb
c:\users\ian\downloads\the-powder-toy-master-2\the-powder-toy-master\release\src\bson\bson.obj
c:\users\ian\downloads\the-powder-toy-master-2\the-powder-toy-master\release\src\format.obj
c:\users\ian\downloads\the-powder-toy-master-2\the-powder-toy-master\release\src\probability.obj
c:\users\ian\downloads\the-powder-toy-master-2\the-powder-toy-master\release\src\sdlcompat.obj
c:\users\ian\downloads\the-powder-toy-master-2\the-powder-toy-master\release\src\powdertoyrenderer.obj
c:\users\ian\downloads\the-powder-toy-master-2\the-powder-toy-master\release\src\misc.obj
c:\users\ian\downloads\the-powder-toy-master-2\the-powder-toy-master\release\data\icon.obj
c:\users\ian\downloads\the-powder-toy-master-2\the-powder-toy-master\release\data\images.obj
c:\users\ian\downloads\the-powder-toy-master-2\the-powder-toy-master\release\data\hmap.obj
c:\users\ian\downloads\the-powder-toy-master-2\the-powder-toy-master\release\data\font.obj
c:\users\ian\downloads\the-powder-toy-master-2\the-powder-toy-master\release\src\platform.obj
c:\users\ian\downloads\the-powder-toy-master-2\the-powder-toy-master\release\src\update.obj
c:\users\ian\downloads\the-powder-toy-master-2\the-powder-toy-master\release\src\powdertoysdl.obj
c:\users\ian\downloads\the-powder-toy-master-2\the-powder-toy-master\release\src\client\md5.obj
c:\users\ian\downloads\the-powder-toy-master-2\the-powder-toy-master\release\src\client\savefile.obj
c:\users\ian\downloads\the-powder-toy-master-2\the-powder-toy-master\release\src\client\saveinfo.obj
c:\users\ian\downloads\the-powder-toy-master-2\the-powder-toy-master\release\src\client\thumbnailrenderertask.obj
c:\users\ian\downloads\the-powder-toy-master-2\the-powder-toy-master\release\src\client\gamesave.obj
c:\users\ian\downloads\the-powder-toy-master-2\the-powder-toy-master\release\src\client\client.obj
c:\users\ian\downloads\the-powder-toy-master-2\the-powder-toy-master\release\src\client\http\thumbnailrequest.obj
c:\users\ian\downloads\the-powder-toy-master-2\the-powder-toy-master\release\src\client\http\request.obj
c:\users\ian\downloads\the-powder-toy-master-2\the-powder-toy-master\release\src\client\http\saveuserinforequest.obj
c:\users\ian\downloads\the-powder-toy-master-2\the-powder-toy-master\release\src\client\http\imagerequest.obj
c:\users\ian\downloads\the-powder-toy-master-2\the-powder-toy-master\release\src\client\http\avatarrequest.obj
c:\users\ian\downloads\the-powder-toy-master-2\the-powder-toy-master\release\src\client\http\getuserinforequest.obj
c:\users\ian\downloads\the-powder-toy-master-2\the-powder-toy-master\release\src\client\http\requestmanager.obj
c:\users\ian\downloads\the-powder-toy-master-2\the-powder-toy-master\release\src\client\http\apirequest.obj
c:\users\ian\downloads\the-powder-toy-master-2\the-powder-toy-master\release\src\common\tpt-rand.obj
c:\users\ian\downloads\the-powder-toy-master-2\the-powder-toy-master\release\src\common\string.obj
c:\users\ian\downloads\the-powder-toy-master-2\the-powder-toy-master\release\src\debug\elementpopulation.obj
c:\users\ian\downloads\the-powder-toy-master-2\the-powder-toy-master\release\src\debug\debuglines.obj
c:\users\ian\downloads\the-powder-toy-master-2\the-powder-toy-master\release\src\debug\debugparts.obj
c:\users\ian\downloads\the-powder-toy-master-2\the-powder-toy-master\release\src\debug\particledebug.obj
c:\users\ian\downloads\the-powder-toy-master-2\the-powder-toy-master\release\src\graphics\graphics.obj
c:\users\ian\downloads\the-powder-toy-master-2\the-powder-toy-master\release\src\graphics\renderer.obj
c:\users\ian\downloads\the-powder-toy-master-2\the-powder-toy-master\release\src\graphics\rastergraphics.obj
c:\users\ian\downloads\the-powder-toy-master-2\the-powder-toy-master\release\src\graphics\openglgraphics.obj
c:\users\ian\downloads\the-powder-toy-master-2\the-powder-toy-master\release\src\gui\style.obj
c:\users\ian\downloads\the-powder-toy-master-2\the-powder-toy-master\release\src\gui\colourpicker\colourpickeractivity.obj
c:\users\ian\downloads\the-powder-toy-master-2\the-powder-toy-master\release\src\gui\console\consoleview.obj
c:\users\ian\downloads\the-powder-toy-master-2\the-powder-toy-master\release\src\gui\console\consolecontroller.obj
c:\users\ian\downloads\the-powder-toy-master-2\the-powder-toy-master\release\src\gui\console\consolemodel.obj
c:\users\ian\downloads\the-powder-toy-master-2\the-powder-toy-master\release\src\gui\dialogues\saveidmessage.obj
c:\users\ian\downloads\the-powder-toy-master-2\the-powder-toy-master\release\src\gui\dialogues\errormessage.obj
c:\users\ian\downloads\the-powder-toy-master-2\the-powder-toy-master\release\src\gui\dialogues\confirmprompt.obj
c:\users\ian\downloads\the-powder-toy-master-2\the-powder-toy-master\release\src\gui\dialogues\textprompt.obj
c:\users\ian\downloads\the-powder-toy-master-2\the-powder-toy-master\release\src\gui\dialogues\informationmessage.obj
c:\users\ian\downloads\the-powder-toy-master-2\the-powder-toy-master\release\src\gui\elementsearch\elementsearchactivity.obj
c:\users\ian\downloads\the-powder-toy-master-2\the-powder-toy-master\release\src\gui\filebrowser\filebrowseractivity.obj
c:\users\ian\downloads\the-powder-toy-master-2\the-powder-toy-master\release\src\gui\font\fonteditor.obj
c:\users\ian\downloads\the-powder-toy-master-2\the-powder-toy-master\release\src\gui\game\bitmapbrush.obj
c:\users\ian\downloads\the-powder-toy-master-2\the-powder-toy-master\release\src\gui\game\propertytool.obj
c:\users\ian\downloads\the-powder-toy-master-2\the-powder-toy-master\release\src\gui\game\toolbutton.obj
c:\users\ian\downloads\the-powder-toy-master-2\the-powder-toy-master\release\src\gui\game\gamecontroller.obj
c:\users\ian\downloads\the-powder-toy-master-2\the-powder-toy-master\release\src\gui\game\decorationtool.obj
c:\users\ian\downloads\the-powder-toy-master-2\the-powder-toy-master\release\src\gui\game\tool.obj
c:\users\ian\downloads\the-powder-toy-master-2\the-powder-toy-master\release\src\gui\game\brush.obj
c:\users\ian\downloads\the-powder-toy-master-2\the-powder-toy-master\release\src\gui\game\sampletool.obj
c:\users\ian\downloads\the-powder-toy-master-2\the-powder-toy-master\release\src\gui\game\gamemodel.obj
c:\users\ian\downloads\the-powder-toy-master-2\the-powder-toy-master\release\src\gui\game\gameview.obj
c:\users\ian\downloads\the-powder-toy-master-2\the-powder-toy-master\release\src\gui\game\menu.obj
c:\users\ian\downloads\the-powder-toy-master-2\the-powder-toy-master\release\src\gui\game\quickoptions.obj
c:\users\ian\downloads\the-powder-toy-master-2\the-powder-toy-master\release\src\gui\game\favorite.obj
c:\users\ian\downloads\the-powder-toy-master-2\the-powder-toy-master\release\src\gui\game\signtool.obj
c:\users\ian\downloads\the-powder-toy-master-2\the-powder-toy-master\release\src\gui\interface\checkbox.obj
c:\users\ian\downloads\the-powder-toy-master-2\the-powder-toy-master\release\src\gui\interface\label.obj
c:\users\ian\downloads\the-powder-toy-master-2\the-powder-toy-master\release\src\gui\interface\copytextbutton.obj
c:\users\ian\downloads\the-powder-toy-master-2\the-powder-toy-master\release\src\gui\interface\progressbar.obj
c:\users\ian\downloads\the-powder-toy-master-2\the-powder-toy-master\release\src\gui\interface\textbox.obj
c:\users\ian\downloads\the-powder-toy-master-2\the-powder-toy-master\release\src\gui\interface\contextmenu.obj
c:\users\ian\downloads\the-powder-toy-master-2\the-powder-toy-master\release\src\gui\interface\savebutton.obj
c:\users\ian\downloads\the-powder-toy-master-2\the-powder-toy-master\release\src\gui\interface\dropdown.obj
c:\users\ian\downloads\the-powder-toy-master-2\the-powder-toy-master\release\src\gui\interface\scrollpanel.obj
c:\users\ian\downloads\the-powder-toy-master-2\the-powder-toy-master\release\src\gui\interface\window.obj
c:\users\ian\downloads\the-powder-toy-master-2\the-powder-toy-master\release\src\gui\interface\avatarbutton.obj
c:\users\ian\downloads\the-powder-toy-master-2\the-powder-toy-master\release\src\gui\interface\slider.obj
c:\users\ian\downloads\the-powder-toy-master-2\the-powder-toy-master\release\src\gui\interface\component.obj
c:\users\ian\downloads\the-powder-toy-master-2\the-powder-toy-master\release\src\gui\interface\panel.obj
c:\users\ian\downloads\the-powder-toy-master-2\the-powder-toy-master\release\src\gui\interface\spinner.obj
c:\users\ian\downloads\the-powder-toy-master-2\the-powder-toy-master\release\src\gui\interface\button.obj
c:\users\ian\downloads\the-powder-toy-master-2\the-powder-toy-master\release\src\gui\interface\richlabel.obj
c:\users\ian\downloads\the-powder-toy-master-2\the-powder-toy-master\release\src\gui\interface\appearance.obj
c:\users\ian\downloads\the-powder-toy-master-2\the-powder-toy-master\release\src\gui\interface\engine.obj
c:\users\ian\downloads\the-powder-toy-master-2\the-powder-toy-master\release\src\gui\interface\textwrapper.obj
c:\users\ian\downloads\the-powder-toy-master-2\the-powder-toy-master\release\src\gui\localbrowser\localbrowsermodel.obj
c:\users\ian\downloads\the-powder-toy-master-2\the-powder-toy-master\release\src\gui\localbrowser\localbrowsercontroller.obj
c:\users\ian\downloads\the-powder-toy-master-2\the-powder-toy-master\release\src\gui\localbrowser\localbrowserview.obj
c:\users\ian\downloads\the-powder-toy-master-2\the-powder-toy-master\release\src\gui\login\loginmodel.obj
c:\users\ian\downloads\the-powder-toy-master-2\the-powder-toy-master\release\src\gui\login\logincontroller.obj
c:\users\ian\downloads\the-powder-toy-master-2\the-powder-toy-master\release\src\gui\login\loginview.obj
c:\users\ian\downloads\the-powder-toy-master-2\the-powder-toy-master\release\src\gui\options\optionsview.obj
c:\users\ian\downloads\the-powder-toy-master-2\the-powder-toy-master\release\src\gui\options\optionscontroller.obj
c:\users\ian\downloads\the-powder-toy-master-2\the-powder-toy-master\release\src\gui\options\optionsmodel.obj
c:\users\ian\downloads\the-powder-toy-master-2\the-powder-toy-master\release\src\gui\preview\previewmodel.obj
c:\users\ian\downloads\the-powder-toy-master-2\the-powder-toy-master\release\src\gui\preview\previewcontroller.obj
c:\users\ian\downloads\the-powder-toy-master-2\the-powder-toy-master\release\src\gui\preview\previewview.obj
c:\users\ian\downloads\the-powder-toy-master-2\the-powder-toy-master\release\src\gui\profile\profileactivity.obj
c:\users\ian\downloads\the-powder-toy-master-2\the-powder-toy-master\release\src\gui\render\rendercontroller.obj
c:\users\ian\downloads\the-powder-toy-master-2\the-powder-toy-master\release\src\gui\render\rendermodel.obj
c:\users\ian\downloads\the-powder-toy-master-2\the-powder-toy-master\release\src\gui\render\renderview.obj
c:\users\ian\downloads\the-powder-toy-master-2\the-powder-toy-master\release\src\gui\save\serversaveactivity.obj
c:\users\ian\downloads\the-powder-toy-master-2\the-powder-toy-master\release\src\gui\save\localsaveactivity.obj
c:\users\ian\downloads\the-powder-toy-master-2\the-powder-toy-master\release\src\gui\search\searchview.obj
c:\users\ian\downloads\the-powder-toy-master-2\the-powder-toy-master\release\src\gui\search\searchcontroller.obj
c:\users\ian\downloads\the-powder-toy-master-2\the-powder-toy-master\release\src\gui\search\searchmodel.obj
c:\users\ian\downloads\the-powder-toy-master-2\the-powder-toy-master\release\src\gui\tags\tagsmodel.obj
c:\users\ian\downloads\the-powder-toy-master-2\the-powder-toy-master\release\src\gui\tags\tagsview.obj
c:\users\ian\downloads\the-powder-toy-master-2\the-powder-toy-master\release\src\gui\tags\tagscontroller.obj
c:\users\ian\downloads\the-powder-toy-master-2\the-powder-toy-master\release\src\gui\update\updateactivity.obj
c:\users\ian\downloads\the-powder-toy-master-2\the-powder-toy-master\release\src\json\jsoncpp.obj
c:\users\ian\downloads\the-powder-toy-master-2\the-powder-toy-master\release\src\lua\lualabel.obj
c:\users\ian\downloads\the-powder-toy-master-2\the-powder-toy-master\release\src\lua\luaslider.obj
c:\users\ian\downloads\the-powder-toy-master-2\the-powder-toy-master\release\src\lua\commandinterface.obj
c:\users\ian\downloads\the-powder-toy-master-2\the-powder-toy-master\release\src\lua\luatextbox.obj
c:\users\ian\downloads\the-powder-toy-master-2\the-powder-toy-master\release\src\lua\luaevents.obj
c:\users\ian\downloads\the-powder-toy-master-2\the-powder-toy-master\release\src\lua\tptscriptinterface.obj
c:\users\ian\downloads\the-powder-toy-master-2\the-powder-toy-master\release\src\lua\legacyluaapi.obj
c:\users\ian\downloads\the-powder-toy-master-2\the-powder-toy-master\release\src\lua\luabit.obj
c:\users\ian\downloads\the-powder-toy-master-2\the-powder-toy-master\release\src\lua\luaprogressbar.obj
c:\users\ian\downloads\the-powder-toy-master-2\the-powder-toy-master\release\src\lua\luawindow.obj
c:\users\ian\downloads\the-powder-toy-master-2\the-powder-toy-master\release\src\lua\luabutton.obj
c:\users\ian\downloads\the-powder-toy-master-2\the-powder-toy-master\release\src\lua\luasmartref.obj
c:\users\ian\downloads\the-powder-toy-master-2\the-powder-toy-master\release\src\lua\luacheckbox.obj
c:\users\ian\downloads\the-powder-toy-master-2\the-powder-toy-master\release\src\lua\tptstypes.obj
c:\users\ian\downloads\the-powder-toy-master-2\the-powder-toy-master\release\src\lua\luacomponent.obj
c:\users\ian\downloads\the-powder-toy-master-2\the-powder-toy-master\release\src\lua\luascriptinterface.obj
c:\users\ian\downloads\the-powder-toy-master-2\the-powder-toy-master\release\src\lua\luacompat.obj
c:\users\ian\downloads\the-powder-toy-master-2\the-powder-toy-master\release\src\lua\luascripts\eventcompat.lua.obj
c:\users\ian\downloads\the-powder-toy-master-2\the-powder-toy-master\release\src\lua\socket\auxiliar.obj
c:\users\ian\downloads\the-powder-toy-master-2\the-powder-toy-master\release\src\lua\socket\udp.obj
c:\users\ian\downloads\the-powder-toy-master-2\the-powder-toy-master\release\src\lua\socket\buffer.obj
c:\users\ian\downloads\the-powder-toy-master-2\the-powder-toy-master\release\src\lua\socket\unix.obj
c:\users\ian\downloads\the-powder-toy-master-2\the-powder-toy-master\release\src\lua\socket\usocket.obj
c:\users\ian\downloads\the-powder-toy-master-2\the-powder-toy-master\release\src\lua\socket\wsocket.obj
c:\users\ian\downloads\the-powder-toy-master-2\the-powder-toy-master\release\src\lua\socket\except.obj
c:\users\ian\downloads\the-powder-toy-master-2\the-powder-toy-master\release\src\lua\socket\tcp.obj
c:\users\ian\downloads\the-powder-toy-master-2\the-powder-toy-master\release\src\lua\socket\inet.obj
c:\users\ian\downloads\the-powder-toy-master-2\the-powder-toy-master\release\src\lua\socket\options.obj
c:\users\ian\downloads\the-powder-toy-master-2\the-powder-toy-master\release\src\lua\socket\select.obj
c:\users\ian\downloads\the-powder-toy-master-2\the-powder-toy-master\release\src\lua\socket\luasocket.obj
c:\users\ian\downloads\the-powder-toy-master-2\the-powder-toy-master\release\src\lua\socket\io.obj
c:\users\ian\downloads\the-powder-toy-master-2\the-powder-toy-master\release\src\lua\socket\timeout.obj
c:\users\ian\downloads\the-powder-toy-master-2\the-powder-toy-master\release\src\lua\socket\socket.lua.obj
c:\users\ian\downloads\the-powder-toy-master-2\the-powder-toy-master\release\src\powdertoyjava\powdertoyjava.obj
c:\users\ian\downloads\the-powder-toy-master-2\the-powder-toy-master\release\src\powdertoyjava\openglcanvaswin32.obj
c:\users\ian\downloads\the-powder-toy-master-2\the-powder-toy-master\release\src\resampler\resampler.obj
c:\users\ian\downloads\the-powder-toy-master-2\the-powder-toy-master\release\src\simulation\simtool.obj
c:\users\ian\downloads\the-powder-toy-master-2\the-powder-toy-master\release\src\simulation\gravity.obj
c:\users\ian\downloads\the-powder-toy-master-2\the-powder-toy-master\release\src\simulation\air.obj
c:\users\ian\downloads\the-powder-toy-master-2\the-powder-toy-master\release\src\simulation\simulationdata.obj
c:\users\ian\downloads\the-powder-toy-master-2\the-powder-toy-master\release\src\simulation\particle.obj
c:\users\ian\downloads\the-powder-toy-master-2\the-powder-toy-master\release\src\simulation\simulation.obj
c:\users\ian\downloads\the-powder-toy-master-2\the-powder-toy-master\release\src\simulation\elementclasses.obj
c:\users\ian\downloads\the-powder-toy-master-2\the-powder-toy-master\release\src\simulation\toolclasses.obj
c:\users\ian\downloads\the-powder-toy-master-2\the-powder-toy-master\release\src\simulation\element.obj
c:\users\ian\downloads\the-powder-toy-master-2\the-powder-toy-master\release\src\simulation\saverenderer.obj
c:\users\ian\downloads\the-powder-toy-master-2\the-powder-toy-master\release\src\simulation\sign.obj
c:\users\ian\downloads\the-powder-toy-master-2\the-powder-toy-master\release\src\simulation\elements\aray.obj
c:\users\ian\downloads\the-powder-toy-master-2\the-powder-toy-master\release\src\simulation\elements\boyl.obj
c:\users\ian\downloads\the-powder-toy-master-2\the-powder-toy-master\release\src\simulation\elements\c5.obj
c:\users\ian\downloads\the-powder-toy-master-2\the-powder-toy-master\release\src\simulation\elements\co.obj
c:\users\ian\downloads\the-powder-toy-master-2\the-powder-toy-master\release\src\simulation\elements\desl.obj
c:\users\ian\downloads\the-powder-toy-master-2\the-powder-toy-master\release\src\simulation\elements\dtec.obj
c:\users\ian\downloads\the-powder-toy-master-2\the-powder-toy-master\release\src\simulation\elements\exot.obj
c:\users\ian\downloads\the-powder-toy-master-2\the-powder-toy-master\release\src\simulation\elements\frme.obj
c:\users\ian\downloads\the-powder-toy-master-2\the-powder-toy-master\release\src\simulation\elements\glas.obj
c:\users\ian\downloads\the-powder-toy-master-2\the-powder-toy-master\release\src\simulation\elements\gunp.obj
c:\users\ian\downloads\the-powder-toy-master-2\the-powder-toy-master\release\src\simulation\elements\invis.obj
c:\users\ian\downloads\the-powder-toy-master-2\the-powder-toy-master\release\src\simulation\elements\ligh.obj
c:\users\ian\downloads\the-powder-toy-master-2\the-powder-toy-master\release\src\simulation\elements\merc.obj
c:\users\ian\downloads\the-powder-toy-master-2\the-powder-toy-master\release\src\simulation\elements\nitr.obj
c:\users\ian\downloads\the-powder-toy-master-2\the-powder-toy-master\release\src\simulation\elements\pbcn.obj
c:\users\ian\downloads\the-powder-toy-master-2\the-powder-toy-master\release\src\simulation\elements\polo.obj
c:\users\ian\downloads\the-powder-toy-master-2\the-powder-toy-master\release\src\simulation\elements\pste.obj
c:\users\ian\downloads\the-powder-toy-master-2\the-powder-toy-master\release\src\simulation\elements\qrtz.obj
c:\users\ian\downloads\the-powder-toy-master-2\the-powder-toy-master\release\src\simulation\elements\sawd.obj
c:\users\ian\downloads\the-powder-toy-master-2\the-powder-toy-master\release\src\simulation\elements\snow.obj
c:\users\ian\downloads\the-powder-toy-master-2\the-powder-toy-master\release\src\simulation\elements\stne.obj
c:\users\ian\downloads\the-powder-toy-master-2\the-powder-toy-master\release\src\simulation\elements\tsns.obj
c:\users\ian\downloads\the-powder-toy-master-2\the-powder-toy-master\release\src\simulation\elements\void.obj
c:\users\ian\downloads\the-powder-toy-master-2\the-powder-toy-master\release\src\simulation\elements\wifi.obj
c:\users\ian\downloads\the-powder-toy-master-2\the-powder-toy-master\release\src\simulation\elements\anar.obj
c:\users\ian\downloads\the-powder-toy-master-2\the-powder-toy-master\release\src\simulation\elements\bgla.obj
c:\users\ian\downloads\the-powder-toy-master-2\the-powder-toy-master\release\src\simulation\elements\btry.obj
c:\users\ian\downloads\the-powder-toy-master-2\the-powder-toy-master\release\src\simulation\elements\clst.obj
c:\users\ian\downloads\the-powder-toy-master-2\the-powder-toy-master\release\src\simulation\elements\dest.obj
c:\users\ian\downloads\the-powder-toy-master-2\the-powder-toy-master\release\src\simulation\elements\dstw.obj
c:\users\ian\downloads\the-powder-toy-master-2\the-powder-toy-master\release\src\simulation\elements\etrd.obj
c:\users\ian\downloads\the-powder-toy-master-2\the-powder-toy-master\release\src\simulation\elements\frzz.obj
c:\users\ian\downloads\the-powder-toy-master-2\the-powder-toy-master\release\src\simulation\elements\glow.obj
c:\users\ian\downloads\the-powder-toy-master-2\the-powder-toy-master\release\src\simulation\elements\heac.obj
c:\users\ian\downloads\the-powder-toy-master-2\the-powder-toy-master\release\src\simulation\elements\iron.obj
c:\users\ian\downloads\the-powder-toy-master-2\the-powder-toy-master\release\src\simulation\elements\lntg.obj
c:\users\ian\downloads\the-powder-toy-master-2\the-powder-toy-master\release\src\simulation\elements\mort.obj
c:\users\ian\downloads\the-powder-toy-master-2\the-powder-toy-master\release\src\simulation\elements\nscn.obj
c:\users\ian\downloads\the-powder-toy-master-2\the-powder-toy-master\release\src\simulation\elements\pipe.obj
c:\users\ian\downloads\the-powder-toy-master-2\the-powder-toy-master\release\src\simulation\elements\prot.obj
c:\users\ian\downloads\the-powder-toy-master-2\the-powder-toy-master\release\src\simulation\elements\ptct.obj
c:\users\ian\downloads\the-powder-toy-master-2\the-powder-toy-master\release\src\simulation\elements\rpel.obj
c:\users\ian\downloads\the-powder-toy-master-2\the-powder-toy-master\release\src\simulation\elements\sing.obj
c:\users\ian\downloads\the-powder-toy-master-2\the-powder-toy-master\release\src\simulation\elements\sprk.obj
c:\users\ian\downloads\the-powder-toy-master-2\the-powder-toy-master\release\src\simulation\elements\thrm.obj
c:\users\ian\downloads\the-powder-toy-master-2\the-powder-toy-master\release\src\simulation\elements\virs.obj
c:\users\ian\downloads\the-powder-toy-master-2\the-powder-toy-master\release\src\simulation\elements\whol.obj
c:\users\ian\downloads\the-powder-toy-master-2\the-powder-toy-master\release\src\simulation\elements\amtr.obj
c:\users\ian\downloads\the-powder-toy-master-2\the-powder-toy-master\release\src\simulation\elements\bomb.obj
c:\users\ian\downloads\the-powder-toy-master-2\the-powder-toy-master\release\src\simulation\elements\caus.obj
c:\users\ian\downloads\the-powder-toy-master-2\the-powder-toy-master\release\src\simulation\elements\coal.obj
c:\users\ian\downloads\the-powder-toy-master-2\the-powder-toy-master\release\src\simulation\elements\dlay.obj
c:\users\ian\downloads\the-powder-toy-master-2\the-powder-toy-master\release\src\simulation\elements\dyst.obj
c:\users\ian\downloads\the-powder-toy-master-2\the-powder-toy-master\release\src\simulation\elements\figh.obj
c:\users\ian\downloads\the-powder-toy-master-2\the-powder-toy-master\release\src\simulation\elements\frzw.obj
c:\users\ian\downloads\the-powder-toy-master-2\the-powder-toy-master\release\src\simulation\elements\gel.obj
c:\users\ian\downloads\the-powder-toy-master-2\the-powder-toy-master\release\src\simulation\elements\h2.obj
c:\users\ian\downloads\the-powder-toy-master-2\the-powder-toy-master\release\src\simulation\elements\inwr.obj
c:\users\ian\downloads\the-powder-toy-master-2\the-powder-toy-master\release\src\simulation\elements\life.obj
c:\users\ian\downloads\the-powder-toy-master-2\the-powder-toy-master\release\src\simulation\elements\metl.obj
c:\users\ian\downloads\the-powder-toy-master-2\the-powder-toy-master\release\src\simulation\elements\none.obj
c:\users\ian\downloads\the-powder-toy-master-2\the-powder-toy-master\release\src\simulation\elements\phot.obj
c:\users\ian\downloads\the-powder-toy-master-2\the-powder-toy-master\release\src\simulation\elements\pqrt.obj
c:\users\ian\downloads\the-powder-toy-master-2\the-powder-toy-master\release\src\simulation\elements\psts.obj
c:\users\ian\downloads\the-powder-toy-master-2\the-powder-toy-master\release\src\simulation\elements\rime.obj
c:\users\ian\downloads\the-powder-toy-master-2\the-powder-toy-master\release\src\simulation\elements\shld4.obj
c:\users\ian\downloads\the-powder-toy-master-2\the-powder-toy-master\release\src\simulation\elements\spng.obj
c:\users\ian\downloads\the-powder-toy-master-2\the-powder-toy-master\release\src\simulation\elements\thdr.obj
c:\users\ian\downloads\the-powder-toy-master-2\the-powder-toy-master\release\src\simulation\elements\vine.obj
c:\users\ian\downloads\the-powder-toy-master-2\the-powder-toy-master\release\src\simulation\elements\wax.obj
c:\users\ian\downloads\the-powder-toy-master-2\the-powder-toy-master\release\src\simulation\elements\acel.obj
c:\users\ian\downloads\the-powder-toy-master-2\the-powder-toy-master\release\src\simulation\elements\bizr.obj
c:\users\ian\downloads\the-powder-toy-master-2\the-powder-toy-master\release\src\simulation\elements\brck.obj
c:\users\ian\downloads\the-powder-toy-master-2\the-powder-toy-master\release\src\simulation\elements\cbnw.obj
c:\users\ian\downloads\the-powder-toy-master-2\the-powder-toy-master\release\src\simulation\elements\cray.obj
c:\users\ian\downloads\the-powder-toy-master-2\the-powder-toy-master\release\src\simulation\elements\dray.obj
c:\users\ian\downloads\the-powder-toy-master-2\the-powder-toy-master\release\src\simulation\elements\elec.obj
c:\users\ian\downloads\the-powder-toy-master-2\the-powder-toy-master\release\src\simulation\elements\fray.obj
c:\users\ian\downloads\the-powder-toy-master-2\the-powder-toy-master\release\src\simulation\elements\fwrk.obj
c:\users\ian\downloads\the-powder-toy-master-2\the-powder-toy-master\release\src\simulation\elements\grvt.obj
c:\users\ian\downloads\the-powder-toy-master-2\the-powder-toy-master\release\src\simulation\elements\inst.obj
c:\users\ian\downloads\the-powder-toy-master-2\the-powder-toy-master\release\src\simulation\elements\ldtc.obj
c:\users\ian\downloads\the-powder-toy-master-2\the-powder-toy-master\release\src\simulation\elements\lsns.obj
c:\users\ian\downloads\the-powder-toy-master-2\the-powder-toy-master\release\src\simulation\elements\nice.obj
c:\users\ian\downloads\the-powder-toy-master-2\the-powder-toy-master\release\src\simulation\elements\pcln.obj
c:\users\ian\downloads\the-powder-toy-master-2\the-powder-toy-master\release\src\simulation\elements\ppip.obj
c:\users\ian\downloads\the-powder-toy-master-2\the-powder-toy-master\release\src\simulation\elements\pstn.obj
c:\users\ian\downloads\the-powder-toy-master-2\the-powder-toy-master\release\src\simulation\elements\rfrg.obj
c:\users\ian\downloads\the-powder-toy-master-2\the-powder-toy-master\release\src\simulation\elements\shld3.obj
c:\users\ian\downloads\the-powder-toy-master-2\the-powder-toy-master\release\src\simulation\elements\spawn2.obj
c:\users\ian\downloads\the-powder-toy-master-2\the-powder-toy-master\release\src\simulation\elements\stor.obj
c:\users\ian\downloads\the-powder-toy-master-2\the-powder-toy-master\release\src\simulation\elements\ttan.obj
c:\users\ian\downloads\the-powder-toy-master-2\the-powder-toy-master\release\src\simulation\elements\vrsg.obj
c:\users\ian\downloads\the-powder-toy-master-2\the-powder-toy-master\release\src\simulation\elements\wtrv.obj
c:\users\ian\downloads\the-powder-toy-master-2\the-powder-toy-master\release\src\simulation\elements\bcol.obj
c:\users\ian\downloads\the-powder-toy-master-2\the-powder-toy-master\release\src\simulation\elements\bhol.obj
c:\users\ian\downloads\the-powder-toy-master-2\the-powder-toy-master\release\src\simulation\elements\brmt.obj
c:\users\ian\downloads\the-powder-toy-master-2\the-powder-toy-master\release\src\simulation\elements\cflm.obj
c:\users\ian\downloads\the-powder-toy-master-2\the-powder-toy-master\release\src\simulation\elements\dcel.obj
c:\users\ian\downloads\the-powder-toy-master-2\the-powder-toy-master\release\src\simulation\elements\dric.obj
c:\users\ian\downloads\the-powder-toy-master-2\the-powder-toy-master\release\src\simulation\elements\embr.obj
c:\users\ian\downloads\the-powder-toy-master-2\the-powder-toy-master\release\src\simulation\elements\fog.obj
c:\users\ian\downloads\the-powder-toy-master-2\the-powder-toy-master\release\src\simulation\elements\gbmb.obj
c:\users\ian\downloads\the-powder-toy-master-2\the-powder-toy-master\release\src\simulation\elements\gpmp.obj
c:\users\ian\downloads\the-powder-toy-master-2\the-powder-toy-master\release\src\simulation\elements\insl.obj
c:\users\ian\downloads\the-powder-toy-master-2\the-powder-toy-master\release\src\simulation\elements\lava.obj
c:\users\ian\downloads\the-powder-toy-master-2\the-powder-toy-master\release\src\simulation\elements\love.obj
c:\users\ian\downloads\the-powder-toy-master-2\the-powder-toy-master\release\src\simulation\elements\nble.obj
c:\users\ian\downloads\the-powder-toy-master-2\the-powder-toy-master\release\src\simulation\elements\nwhl.obj
c:\users\ian\downloads\the-powder-toy-master-2\the-powder-toy-master\release\src\simulation\elements\plut.obj
c:\users\ian\downloads\the-powder-toy-master-2\the-powder-toy-master\release\src\simulation\elements\psns.obj
c:\users\ian\downloads\the-powder-toy-master-2\the-powder-toy-master\release\src\simulation\elements\rfgl.obj
c:\users\ian\downloads\the-powder-toy-master-2\the-powder-toy-master\release\src\simulation\elements\shld2.obj
c:\users\ian\downloads\the-powder-toy-master-2\the-powder-toy-master\release\src\simulation\elements\spawn.obj
c:\users\ian\downloads\the-powder-toy-master-2\the-powder-toy-master\release\src\simulation\elements\tesc.obj
c:\users\ian\downloads\the-powder-toy-master-2\the-powder-toy-master\release\src\simulation\elements\vibr.obj
c:\users\ian\downloads\the-powder-toy-master-2\the-powder-toy-master\release\src\simulation\elements\watr.obj
c:\users\ian\downloads\the-powder-toy-master-2\the-powder-toy-master\release\src\simulation\elements\bang.obj
c:\users\ian\downloads\the-powder-toy-master-2\the-powder-toy-master\release\src\simulation\elements\bmtl.obj
c:\users\ian\downloads\the-powder-toy-master-2\the-powder-toy-master\release\src\simulation\elements\bvbr.obj
c:\users\ian\downloads\the-powder-toy-master-2\the-powder-toy-master\release\src\simulation\elements\co2.obj
c:\users\ian\downloads\the-powder-toy-master-2\the-powder-toy-master\release\src\simulation\elements\crmc.obj
c:\users\ian\downloads\the-powder-toy-master-2\the-powder-toy-master\release\src\simulation\elements\dmnd.obj
c:\users\ian\downloads\the-powder-toy-master-2\the-powder-toy-master\release\src\simulation\elements\e116.obj
c:\users\ian\downloads\the-powder-toy-master-2\the-powder-toy-master\release\src\simulation\elements\filt.obj
c:\users\ian\downloads\the-powder-toy-master-2\the-powder-toy-master\release\src\simulation\elements\fsep.obj
c:\users\ian\downloads\the-powder-toy-master-2\the-powder-toy-master\release\src\simulation\elements\gold.obj
c:\users\ian\downloads\the-powder-toy-master-2\the-powder-toy-master\release\src\simulation\elements\hswc.obj
c:\users\ian\downloads\the-powder-toy-master-2\the-powder-toy-master\release\src\simulation\elements\isoz.obj
c:\users\ian\downloads\the-powder-toy-master-2\the-powder-toy-master\release\src\simulation\elements\lolz.obj
c:\users\ian\downloads\the-powder-toy-master-2\the-powder-toy-master\release\src\simulation\elements\mwax.obj
c:\users\ian\downloads\the-powder-toy-master-2\the-powder-toy-master\release\src\simulation\elements\ntct.obj
c:\users\ian\downloads\the-powder-toy-master-2\the-powder-toy-master\release\src\simulation\elements\plex.obj
c:\users\ian\downloads\the-powder-toy-master-2\the-powder-toy-master\release\src\simulation\elements\prti.obj
c:\users\ian\downloads\the-powder-toy-master-2\the-powder-toy-master\release\src\simulation\elements\pump.obj
c:\users\ian\downloads\the-powder-toy-master-2\the-powder-toy-master\release\src\simulation\elements\salt.obj
c:\users\ian\downloads\the-powder-toy-master-2\the-powder-toy-master\release\src\simulation\elements\sltw.obj
c:\users\ian\downloads\the-powder-toy-master-2\the-powder-toy-master\release\src\simulation\elements\stkm.obj
c:\users\ian\downloads\the-powder-toy-master-2\the-powder-toy-master\release\src\simulation\elements\tung.obj
c:\users\ian\downloads\the-powder-toy-master-2\the-powder-toy-master\release\src\simulation\elements\vrss.obj
c:\users\ian\downloads\the-powder-toy-master-2\the-powder-toy-master\release\src\simulation\elements\wood.obj
c:\users\ian\downloads\the-powder-toy-master-2\the-powder-toy-master\release\src\simulation\elements\acid.obj
c:\users\ian\downloads\the-powder-toy-master-2\the-powder-toy-master\release\src\simulation\elements\bizrg.obj
c:\users\ian\downloads\the-powder-toy-master-2\the-powder-toy-master\release\src\simulation\elements\brec.obj
c:\users\ian\downloads\the-powder-toy-master-2\the-powder-toy-master\release\src\simulation\elements\cnct.obj
c:\users\ian\downloads\the-powder-toy-master-2\the-powder-toy-master\release\src\simulation\elements\deut.obj
c:\users\ian\downloads\the-powder-toy-master-2\the-powder-toy-master\release\src\simulation\elements\dust.obj
c:\users\ian\downloads\the-powder-toy-master-2\the-powder-toy-master\release\src\simulation\elements\emp.obj
c:\users\ian\downloads\the-powder-toy-master-2\the-powder-toy-master\release\src\simulation\elements\firw.obj
c:\users\ian\downloads\the-powder-toy-master-2\the-powder-toy-master\release\src\simulation\elements\fuse.obj
c:\users\ian\downloads\the-powder-toy-master-2\the-powder-toy-master\release\src\simulation\elements\grav.obj
c:\users\ian\downloads\the-powder-toy-master-2\the-powder-toy-master\release\src\simulation\elements\ignt.obj
c:\users\ian\downloads\the-powder-toy-master-2\the-powder-toy-master\release\src\simulation\elements\lcry.obj
c:\users\ian\downloads\the-powder-toy-master-2\the-powder-toy-master\release\src\simulation\elements\lrbd.obj
c:\users\ian\downloads\the-powder-toy-master-2\the-powder-toy-master\release\src\simulation\elements\neut.obj
c:\users\ian\downloads\the-powder-toy-master-2\the-powder-toy-master\release\src\simulation\elements\oil.obj
c:\users\ian\downloads\the-powder-toy-master-2\the-powder-toy-master\release\src\simulation\elements\plnt.obj
c:\users\ian\downloads\the-powder-toy-master-2\the-powder-toy-master\release\src\simulation\elements\pscn.obj
c:\users\ian\downloads\the-powder-toy-master-2\the-powder-toy-master\release\src\simulation\elements\rbdm.obj
c:\users\ian\downloads\the-powder-toy-master-2\the-powder-toy-master\release\src\simulation\elements\shld1.obj
c:\users\ian\downloads\the-powder-toy-master-2\the-powder-toy-master\release\src\simulation\elements\soap.obj
c:\users\ian\downloads\the-powder-toy-master-2\the-powder-toy-master\release\src\simulation\elements\swch.obj
c:\users\ian\downloads\the-powder-toy-master-2\the-powder-toy-master\release\src\simulation\elements\uran.obj
c:\users\ian\downloads\the-powder-toy-master-2\the-powder-toy-master\release\src\simulation\elements\warp.obj
c:\users\ian\downloads\the-powder-toy-master-2\the-powder-toy-master\release\src\simulation\elements\yest.obj
c:\users\ian\downloads\the-powder-toy-master-2\the-powder-toy-master\release\src\simulation\elements\bcln.obj
c:\users\ian\downloads\the-powder-toy-master-2\the-powder-toy-master\release\src\simulation\elements\bizrs.obj
c:\users\ian\downloads\the-powder-toy-master-2\the-powder-toy-master\release\src\simulation\elements\bray.obj
c:\users\ian\downloads\the-powder-toy-master-2\the-powder-toy-master\release\src\simulation\elements\clne.obj
c:\users\ian\downloads\the-powder-toy-master-2\the-powder-toy-master\release\src\simulation\elements\conv.obj
c:\users\ian\downloads\the-powder-toy-master-2\the-powder-toy-master\release\src\simulation\elements\dmg.obj
c:\users\ian\downloads\the-powder-toy-master-2\the-powder-toy-master\release\src\simulation\elements\e146.obj
c:\users\ian\downloads\the-powder-toy-master-2\the-powder-toy-master\release\src\simulation\elements\fire.obj
c:\users\ian\downloads\the-powder-toy-master-2\the-powder-toy-master\release\src\simulation\elements\gas.obj
c:\users\ian\downloads\the-powder-toy-master-2\the-powder-toy-master\release\src\simulation\elements\goo.obj
c:\users\ian\downloads\the-powder-toy-master-2\the-powder-toy-master\release\src\simulation\elements\icei.obj
c:\users\ian\downloads\the-powder-toy-master-2\the-powder-toy-master\release\src\simulation\elements\iszs.obj
c:\users\ian\downloads\the-powder-toy-master-2\the-powder-toy-master\release\src\simulation\elements\lo2.obj
c:\users\ian\downloads\the-powder-toy-master-2\the-powder-toy-master\release\src\simulation\elements\nbhl.obj
c:\users\ian\downloads\the-powder-toy-master-2\the-powder-toy-master\release\src\simulation\elements\o2.obj
c:\users\ian\downloads\the-powder-toy-master-2\the-powder-toy-master\release\src\simulation\elements\plsm.obj
c:\users\ian\downloads\the-powder-toy-master-2\the-powder-toy-master\release\src\simulation\elements\prto.obj
c:\users\ian\downloads\the-powder-toy-master-2\the-powder-toy-master\release\src\simulation\elements\pvod.obj
c:\users\ian\downloads\the-powder-toy-master-2\the-powder-toy-master\release\src\simulation\elements\sand.obj
c:\users\ian\downloads\the-powder-toy-master-2\the-powder-toy-master\release\src\simulation\elements\smke.obj
c:\users\ian\downloads\the-powder-toy-master-2\the-powder-toy-master\release\src\simulation\elements\stkm2.obj
c:\users\ian\downloads\the-powder-toy-master-2\the-powder-toy-master\release\src\simulation\elements\tron.obj
c:\users\ian\downloads\the-powder-toy-master-2\the-powder-toy-master\release\src\simulation\elements\voc.obj
c:\users\ian\downloads\the-powder-toy-master-2\the-powder-toy-master\release\src\simulation\elements\wire.obj
c:\users\ian\downloads\the-powder-toy-master-2\the-powder-toy-master\release\src\tasks\task.obj
c:\users\ian\downloads\the-powder-toy-master-2\the-powder-toy-master\release\src\tasks\abandonabletask.obj
c:\users\ian\downloads\the-powder-toy-master-2\the-powder-toy-master\release\src\tasks\taskwindow.obj
c:\users\ian\downloads\the-powder-toy-master-2\the-powder-toy-master\release\src\simulation\elements\gvh2.obj
c:\users\ian\downloads\the-powder-toy-master-2\the-powder-toy-master\release\src\simulation\simtools\cool.obj
c:\users\ian\downloads\the-powder-toy-master-2\the-powder-toy-master\release\src\simulation\simtools\air.obj
c:\users\ian\downloads\the-powder-toy-master-2\the-powder-toy-master\release\src\simulation\simtools\cycl.obj
c:\users\ian\downloads\the-powder-toy-master-2\the-powder-toy-master\release\src\simulation\simtools\vac.obj
c:\users\ian\downloads\the-powder-toy-master-2\the-powder-toy-master\release\src\simulation\simtools\ngrv.obj
c:\users\ian\downloads\the-powder-toy-master-2\the-powder-toy-master\release\src\simulation\simtools\pgrv.obj
c:\users\ian\downloads\the-powder-toy-master-2\the-powder-toy-master\release\src\simulation\simtools\heat.obj
c:\users\ian\downloads\the-powder-toy-master-2\the-powder-toy-master\release\src\simulation\simtools\mix.obj
c:\users\ian\downloads\the-powder-toy-master-2\the-powder-toy-master\build\powder.exe
c:\users\ian\downloads\the-powder-toy-master-2\the-powder-toy-master\build\powder.pdb
c:\users\ian\downloads\the-powder-toy-master-2\the-powder-toy-master\release\powder-res.res
c:\users\ian\downloads\the-powder-toy-master-2\the-powder-toy-master\release\the-powder-toy.tlog\cl.command.1.tlog
c:\users\ian\downloads\the-powder-toy-master-2\the-powder-toy-master\release\the-powder-toy.tlog\cl.read.1.tlog
c:\users\ian\downloads\the-powder-toy-master-2\the-powder-toy-master\release\the-powder-toy.tlog\cl.write.1.tlog
c:\users\ian\downloads\the-powder-toy-master-2\the-powder-toy-master\release\the-powder-toy.tlog\link.command.1.tlog
c:\users\ian\downloads\the-powder-toy-master-2\the-powder-toy-master\release\the-powder-toy.tlog\link.read.1.tlog
c:\users\ian\downloads\the-powder-toy-master-2\the-powder-toy-master\release\the-powder-toy.tlog\link.write.1.tlog
c:\users\ian\downloads\the-powder-toy-master-2\the-powder-toy-master\release\the-powder-toy.tlog\rc.command.1.tlog
c:\users\ian\downloads\the-powder-toy-master-2\the-powder-toy-master\release\the-powder-toy.tlog\rc.read.1.tlog
c:\users\ian\downloads\the-powder-toy-master-2\the-powder-toy-master\release\the-powder-toy.tlog\rc.write.1.tlog
